<?xml version="1.0" encoding="UTF-8"?>
<!-- Generated by org.testng.reporters.JUnitXMLReporter -->
<testsuite ignored="0" hostname="DESKTOP-5P1EIR6" failures="0" tests="3" name="Default test" time="63.959" errors="0" timestamp="27 May 2020 03:13:56 GMT">
  <testcase classname="testng.DataProviderWthExcel" name="setCredentials" time="6.681"/>
  <testcase classname="testng.DataProviderWthExcel" name="setCredentials" time="5.63"/>
  <testcase classname="testng.DataProviderWthExcel" name="setCredentials" time="8.367"/>
</testsuite> <!-- Default test -->
