<?xml version="1.0" encoding="UTF-8"?>
<testng-results ignored="0" total="3" passed="3" failed="0" skipped="0">
  <reporter-output>
  </reporter-output>
  <suite started-at="2020-05-27T03:12:52Z" name="Default suite" finished-at="2020-05-27T03:13:56Z" duration-ms="63959">
    <groups>
    </groups>
    <test started-at="2020-05-27T03:12:52Z" name="Default test" finished-at="2020-05-27T03:13:56Z" duration-ms="63959">
      <class name="testng.DataProviderWthExcel">
        <test-method is-config="true" signature="launchBrowser()[pri:0, instance:testng.DataProviderWthExcel@60b4beb4]" started-at="2020-05-27T03:12:58Z" name="launchBrowser" finished-at="2020-05-27T03:13:15Z" duration-ms="17410" status="PASS">
          <reporter-output>
          </reporter-output>
        </test-method> <!-- launchBrowser -->
        <test-method signature="setCredentials(java.lang.String, java.lang.String)[pri:0, instance:testng.DataProviderWthExcel@60b4beb4]" started-at="2020-05-27T03:13:15Z" name="setCredentials" data-provider="getLoginDatafronExcel" finished-at="2020-05-27T03:13:22Z" duration-ms="6681" status="PASS">
          <params>
            <param index="0">
              <value>
                <![CDATA[selenium123]]>
              </value>
            </param>
            <param index="1">
              <value>
                <![CDATA[selenium123]]>
              </value>
            </param>
          </params>
          <reporter-output>
          </reporter-output>
        </test-method> <!-- setCredentials -->
        <test-method is-config="true" signature="launchBrowser()[pri:0, instance:testng.DataProviderWthExcel@60b4beb4]" started-at="2020-05-27T03:13:22Z" name="launchBrowser" finished-at="2020-05-27T03:13:32Z" duration-ms="10759" status="PASS">
          <reporter-output>
          </reporter-output>
        </test-method> <!-- launchBrowser -->
        <test-method signature="setCredentials(java.lang.String, java.lang.String)[pri:0, instance:testng.DataProviderWthExcel@60b4beb4]" started-at="2020-05-27T03:13:32Z" name="setCredentials" data-provider="getLoginDatafronExcel" finished-at="2020-05-27T03:13:38Z" duration-ms="5630" status="PASS">
          <params>
            <param index="0">
              <value>
                <![CDATA[selenium456]]>
              </value>
            </param>
            <param index="1">
              <value>
                <![CDATA[selenium456]]>
              </value>
            </param>
          </params>
          <reporter-output>
          </reporter-output>
        </test-method> <!-- setCredentials -->
        <test-method is-config="true" signature="launchBrowser()[pri:0, instance:testng.DataProviderWthExcel@60b4beb4]" started-at="2020-05-27T03:13:38Z" name="launchBrowser" finished-at="2020-05-27T03:13:48Z" duration-ms="9710" status="PASS">
          <reporter-output>
          </reporter-output>
        </test-method> <!-- launchBrowser -->
        <test-method signature="setCredentials(java.lang.String, java.lang.String)[pri:0, instance:testng.DataProviderWthExcel@60b4beb4]" started-at="2020-05-27T03:13:48Z" name="setCredentials" data-provider="getLoginDatafronExcel" finished-at="2020-05-27T03:13:56Z" duration-ms="8367" status="PASS">
          <params>
            <param index="0">
              <value>
                <![CDATA[selenium678]]>
              </value>
            </param>
            <param index="1">
              <value>
                <![CDATA[selenium678]]>
              </value>
            </param>
          </params>
          <reporter-output>
          </reporter-output>
        </test-method> <!-- setCredentials -->
      </class> <!-- testng.DataProviderWthExcel -->
    </test> <!-- Default test -->
  </suite> <!-- Default suite -->
</testng-results>
